#
# A fatal error has been detected by the Java Runtime Environment:
#
#  SIGSEGV (0xb) at pc=0x00007fff89294622, pid=29649, tid=5891
#
# JRE version: Java(TM) SE Runtime Environment (8.0_65-b17) (build 1.8.0_65-b17)
# Java VM: Java HotSpot(TM) 64-Bit Server VM (25.65-b01 mixed mode bsd-amd64 compressed oops)
# Problematic frame:
# C  [libsystem_platform.dylib+0x1622]  _platform_memmove$VARIANT$Nehalem+0xc2
#
# Failed to write core dump. Core dumps have been disabled. To enable core dumping, try "ulimit -c unlimited" before starting Java again
#
# If you would like to submit a bug report, please visit:
#   http://bugreport.java.com/bugreport/crash.jsp
# The crash happened outside the Java Virtual Machine in native code.
# See problematic frame for where to report the bug.
#

---------------  T H R E A D  ---------------

Current thread (0x00007fbec4807000):  JavaThread "main" [_thread_in_native, id=5891, stack(0x000070000011a000,0x000070000021a000)]

siginfo: si_signo: 11 (SIGSEGV), si_code: 1 (SEGV_MAPERR), si_addr: 0x0000000123a06000

Registers:
RAX=0x00007fbec733e200, RBX=0x0000000123a02bf7, RCX=0x0000000000000010, RDX=0x0000000000008340
RSP=0x0000700000215c80, RBP=0x0000700000215c80, RSI=0x0000000123a05ff5, RDI=0x00007fbec73415d0
R8 =0x00007fbec7336000, R9 =0x0000000000000001, R10=0x000000008b75b8db, R11=0x00007fbda393b5db
R12=0x0000000000000a03, R13=0x0000000000000900, R14=0x00000000b6000000, R15=0x0000000000000048
RIP=0x00007fff89294622, EFLAGS=0x0000000000010202, ERR=0x0000000000000004
  TRAPNO=0x000000000000000e

Top of Stack: (sp=0x0000700000215c80)
0x0000700000215c80:   0000700000215cf0 0000000104f8a02d
0x0000700000215c90:   0000004800216350 0000000000000000
0x0000700000215ca0:   0000000000000000 00007fbec733e200
0x0000700000215cb0:   000000000000b750 00007fbec43a9a30
0x0000700000215cc0:   00007fbec402ebe0 00007fbec43a9a30
0x0000700000215cd0:   00007fbec43a9b70 0000000000000020
0x0000700000215ce0:   00000000002eaece 00007fbec454f800
0x0000700000215cf0:   0000700000215d50 0000000104f8a554
0x0000700000215d00:   0000700000215d73 0000700000215d72
0x0000700000215d10:   0000000300000000 0000000400807000
0x0000700000215d20:   0000700000215d6e 00007000002161b8
0x0000700000215d30:   0000000000000003 0000700000215d6e
0x0000700000215d40:   00007fbec43a9a30 00007fbec48071f8
0x0000700000215d50:   00007000002161a0 0000000104f8934f
0x0000700000215d60:   0000000107d584f4 6f63000100000001
0x0000700000215d70:   0000700000002f6d 000000010729dce4
0x0000700000215d80:   00007000002164c0 00007fbec4807000
0x0000700000215d90:   0000000000001fa0 0000000025e58648
0x0000700000215da0:   00007fbec4807000 0000000000000001
0x0000700000215db0:   0000000106f8971f 000000011faf26f8
0x0000700000215dc0:   0000700000215e88 00007000002160b0
0x0000700000215dd0:   000000010000000c 000000011faf26f8
0x0000700000215de0:   00007fbec4807000 00007000002160a8
0x0000700000215df0:   0000700000215fa0 00000001062eaba8
0x0000700000215e00:   0000700000000001 00007fbec4807000
0x0000700000215e10:   0000700000215e40 00007000002160b0
0x0000700000215e20:   00007fbec2c06080 0000000106fce6a0
0x0000700000215e30:   000000077230a148 0000000107ce9ed2
0x0000700000215e40:   0000700000000041 000000076c0ee538
0x0000700000215e50:   00007fbec4807000 00007fbec2c05cc0
0x0000700000215e60:   000000077230aa00 00007fbec4807000
0x0000700000215e70:   000000077230aa00 0000000000000001 

Instructions: (pc=0x00007fff89294622)
0x00007fff89294602:   00 00 76 6a 48 f7 c6 0f 00 00 00 74 31 0f 29 0f
0x00007fff89294612:   0f 29 57 10 0f 29 5f 20 0f 29 67 30 48 83 c7 40
0x00007fff89294622:   0f 10 0e 0f 10 56 10 0f 10 5e 20 0f 10 66 30 48
0x00007fff89294632:   83 c6 40 48 83 ea 40 77 d4 eb 33 0f 1f 00 0f 29 

Register to memory mapping:

RAX=0x00007fbec733e200 is an unknown value
RBX=0x0000000123a02bf7 is an unknown value
RCX=0x0000000000000010 is an unknown value
RDX=0x0000000000008340 is an unknown value
RSP=0x0000700000215c80 is pointing into the stack for thread: 0x00007fbec4807000
RBP=0x0000700000215c80 is pointing into the stack for thread: 0x00007fbec4807000
RSI=0x0000000123a05ff5 is an unknown value
RDI=0x00007fbec73415d0 is an unknown value
R8 =0x00007fbec7336000 is an unknown value
R9 =0x0000000000000001 is an unknown value
R10=0x000000008b75b8db is an unknown value
R11=0x00007fbda393b5db is an unknown value
R12=0x0000000000000a03 is an unknown value
R13=0x0000000000000900 is an unknown value
R14=0x00000000b6000000 is an unknown value
R15=0x0000000000000048 is an unknown value


Stack: [0x000070000011a000,0x000070000021a000],  sp=0x0000700000215c80,  free space=1007k
Native frames: (J=compiled Java code, j=interpreted, Vv=VM code, C=native code)
C  [libsystem_platform.dylib+0x1622]  _platform_memmove$VARIANT$Nehalem+0xc2
C  [libzip.dylib+0x302d]  newEntry+0x2c8
C  [libzip.dylib+0x3554]  ZIP_GetEntry2+0xd4
C  [libzip.dylib+0x234f]  Java_java_util_zip_ZipFile_getEntry+0xcf
J 124  java.util.zip.ZipFile.getEntry(J[BZ)J (0 bytes) @ 0x00000001070d3a0e [0x00000001070d3940+0xce]
J 113 C1 java.util.zip.ZipFile.getEntry(Ljava/lang/String;)Ljava/util/zip/ZipEntry; (86 bytes) @ 0x00000001070d028c [0x00000001070d0020+0x26c]
J 5537 C1 sun.net.www.protocol.jar.URLJarFile.getEntry(Ljava/lang/String;)Ljava/util/zip/ZipEntry; (69 bytes) @ 0x00000001075cfb74 [0x00000001075cfaa0+0xd4]
J 6233 C1 sun.net.www.protocol.jar.JarURLConnection.connect()V (147 bytes) @ 0x000000010816f544 [0x000000010816f040+0x504]
j  sun.net.www.protocol.jar.JarURLConnection.getJarFile()Ljava/util/jar/JarFile;+1
J 6470 C1 org.stjs.generator.javac.PackageInternalsFinder.processJar(Ljava/net/URL;Z)Ljava/util/List; (159 bytes) @ 0x0000000108252dcc [0x0000000108252320+0xaac]
j  org.stjs.generator.javac.PackageInternalsFinder.listUnder(Ljava/lang/String;Ljava/net/URL;Z)Ljava/util/Collection;+33
J 6475 C1 org.stjs.generator.javac.PackageInternalsFinder.find(Ljava/lang/String;Z)Ljava/util/List; (108 bytes) @ 0x0000000108243d44 [0x0000000108243300+0xa44]
J 5604 C1 org.stjs.generator.javac.CustomClassloaderJavaFileManager.list(Ljavax/tools/JavaFileManager$Location;Ljava/lang/String;Ljava/util/Set;Z)Ljava/lang/Iterable; (80 bytes) @ 0x0000000107aa9a84 [0x0000000107aa95e0+0x4a4]
J 5603 C1 com.sun.tools.javac.api.ClientCodeWrapper$WrappedJavaFileManager.list(Ljavax/tools/JavaFileManager$Location;Ljava/lang/String;Ljava/util/Set;Z)Ljava/lang/Iterable; (51 bytes) @ 0x0000000107299a14 [0x0000000107299900+0x114]
J 6153 C1 com.sun.tools.javac.jvm.ClassReader.fillIn(Lcom/sun/tools/javac/code/Symbol$PackageSymbol;)V (592 bytes) @ 0x000000010811bf94 [0x0000000108115fe0+0x5fb4]
J 4601 C1 com.sun.tools.javac.jvm.ClassReader.complete(Lcom/sun/tools/javac/code/Symbol;)V (127 bytes) @ 0x0000000107e06294 [0x0000000107e05a20+0x874]
J 4599 C1 com.sun.tools.javac.jvm.ClassReader$1.complete(Lcom/sun/tools/javac/code/Symbol;)V (9 bytes) @ 0x0000000107e0518c [0x0000000107e050c0+0xcc]
J 5544 C1 com.sun.tools.javac.code.Symbol$PackageSymbol.flags()J (16 bytes) @ 0x00000001073e2434 [0x00000001073e21c0+0x274]
J 5449 C1 com.sun.tools.javac.comp.Check.checkDeprecated(Lcom/sun/tools/javac/util/JCDiagnostic$DiagnosticPosition;Lcom/sun/tools/javac/code/Symbol;Lcom/sun/tools/javac/code/Symbol;)V (55 bytes) @ 0x0000000107285fdc [0x0000000107285ec0+0x11c]
J 5455 C1 com.sun.tools.javac.comp.Attr.checkIdInternal(Lcom/sun/tools/javac/tree/JCTree;Lcom/sun/tools/javac/code/Type;Lcom/sun/tools/javac/code/Symbol;Lcom/sun/tools/javac/code/Type;Lcom/sun/tools/javac/comp/Env;Lcom/sun/tools/javac/comp/Attr$ResultInfo;)Lcom/sun/tools/javac/code/Type; (680 bytes) @ 0x00000001072d7ed4 [0x00000001072d3680+0x4854]
J 5454 C1 com.sun.tools.javac.comp.Attr.checkId(Lcom/sun/tools/javac/tree/JCTree;Lcom/sun/tools/javac/code/Type;Lcom/sun/tools/javac/code/Symbol;Lcom/sun/tools/javac/comp/Env;Lcom/sun/tools/javac/comp/Attr$ResultInfo;)Lcom/sun/tools/javac/code/Type; (59 bytes) @ 0x000000010719430c [0x0000000107193da0+0x56c]
J 6162 C1 com.sun.tools.javac.comp.Attr.visitIdent(Lcom/sun/tools/javac/tree/JCTree$JCIdent;)V (554 bytes) @ 0x00000001081277ac [0x00000001081251a0+0x260c]
J 5650 C2 com.sun.tools.javac.tree.JCTree$JCIdent.accept(Lcom/sun/tools/javac/tree/JCTree$Visitor;)V (6 bytes) @ 0x0000000107b90564 [0x0000000107b90520+0x44]
J 4118 C1 com.sun.tools.javac.comp.Attr.attribTree(Lcom/sun/tools/javac/tree/JCTree;Lcom/sun/tools/javac/comp/Env;Lcom/sun/tools/javac/comp/Attr$ResultInfo;)Lcom/sun/tools/javac/code/Type; (148 bytes) @ 0x0000000107c7751c [0x0000000107c773a0+0x17c]
J 6473 C1 com.sun.tools.javac.comp.Attr.visitSelect(Lcom/sun/tools/javac/tree/JCTree$JCFieldAccess;)V (1224 bytes) @ 0x000000010825ef4c [0x000000010825ea60+0x4ec]
J 4177 C1 com.sun.tools.javac.tree.JCTree$JCFieldAccess.accept(Lcom/sun/tools/javac/tree/JCTree$Visitor;)V (6 bytes) @ 0x0000000107ca1f0c [0x0000000107ca1e00+0x10c]
J 4118 C1 com.sun.tools.javac.comp.Attr.attribTree(Lcom/sun/tools/javac/tree/JCTree;Lcom/sun/tools/javac/comp/Env;Lcom/sun/tools/javac/comp/Attr$ResultInfo;)Lcom/sun/tools/javac/code/Type; (148 bytes) @ 0x0000000107c7751c [0x0000000107c773a0+0x17c]
J 6473 C1 com.sun.tools.javac.comp.Attr.visitSelect(Lcom/sun/tools/javac/tree/JCTree$JCFieldAccess;)V (1224 bytes) @ 0x000000010825ef4c [0x000000010825ea60+0x4ec]
J 4177 C1 com.sun.tools.javac.tree.JCTree$JCFieldAccess.accept(Lcom/sun/tools/javac/tree/JCTree$Visitor;)V (6 bytes) @ 0x0000000107ca1f0c [0x0000000107ca1e00+0x10c]
J 4118 C1 com.sun.tools.javac.comp.Attr.attribTree(Lcom/sun/tools/javac/tree/JCTree;Lcom/sun/tools/javac/comp/Env;Lcom/sun/tools/javac/comp/Attr$ResultInfo;)Lcom/sun/tools/javac/code/Type; (148 bytes) @ 0x0000000107c7751c [0x0000000107c773a0+0x17c]
J 6473 C1 com.sun.tools.javac.comp.Attr.visitSelect(Lcom/sun/tools/javac/tree/JCTree$JCFieldAccess;)V (1224 bytes) @ 0x000000010825ef4c [0x000000010825ea60+0x4ec]
J 4177 C1 com.sun.tools.javac.tree.JCTree$JCFieldAccess.accept(Lcom/sun/tools/javac/tree/JCTree$Visitor;)V (6 bytes) @ 0x0000000107ca1f0c [0x0000000107ca1e00+0x10c]
J 4118 C1 com.sun.tools.javac.comp.Attr.attribTree(Lcom/sun/tools/javac/tree/JCTree;Lcom/sun/tools/javac/comp/Env;Lcom/sun/tools/javac/comp/Attr$ResultInfo;)Lcom/sun/tools/javac/code/Type; (148 bytes) @ 0x0000000107c7751c [0x0000000107c773a0+0x17c]
j  com.sun.tools.javac.comp.Attr.attribImportQualifier(Lcom/sun/tools/javac/tree/JCTree$JCImport;Lcom/sun/tools/javac/comp/Env;)Lcom/sun/tools/javac/code/Type;+37
j  com.sun.tools.javac.comp.MemberEnter.visitImport(Lcom/sun/tools/javac/tree/JCTree$JCImport;)V+30
j  com.sun.tools.javac.tree.JCTree$JCImport.accept(Lcom/sun/tools/javac/tree/JCTree$Visitor;)V+2
J 6559 C1 com.sun.tools.javac.comp.MemberEnter.memberEnter(Lcom/sun/tools/javac/tree/JCTree;Lcom/sun/tools/javac/comp/Env;)V (58 bytes) @ 0x00000001082c7ea4 [0x00000001082c7d60+0x144]
j  com.sun.tools.javac.comp.MemberEnter.memberEnter(Lcom/sun/tools/javac/util/List;Lcom/sun/tools/javac/comp/Env;)V+18
j  com.sun.tools.javac.comp.MemberEnter.visitTopLevel(Lcom/sun/tools/javac/tree/JCTree$JCCompilationUnit;)V+164
j  com.sun.tools.javac.tree.JCTree$JCCompilationUnit.accept(Lcom/sun/tools/javac/tree/JCTree$Visitor;)V+2
J 6559 C1 com.sun.tools.javac.comp.MemberEnter.memberEnter(Lcom/sun/tools/javac/tree/JCTree;Lcom/sun/tools/javac/comp/Env;)V (58 bytes) @ 0x00000001082c7ea4 [0x00000001082c7d60+0x144]
j  com.sun.tools.javac.comp.MemberEnter.complete(Lcom/sun/tools/javac/code/Symbol;)V+163
J 4252 C1 com.sun.tools.javac.code.Symbol$ClassSymbol.complete()V (38 bytes) @ 0x0000000107cd6b9c [0x0000000107cd69e0+0x1bc]
j  com.sun.tools.javac.comp.Enter.complete(Lcom/sun/tools/javac/util/List;Lcom/sun/tools/javac/code/Symbol$ClassSymbol;)V+88
j  com.sun.tools.javac.comp.Enter.main(Lcom/sun/tools/javac/util/List;)V+3
j  com.sun.tools.javac.main.JavaCompiler.enterTrees(Lcom/sun/tools/javac/util/List;)Lcom/sun/tools/javac/util/List;+64
j  com.sun.tools.javac.api.JavacTaskImpl.enter(Ljava/lang/Iterable;)Ljava/lang/Iterable;+253
j  com.sun.tools.javac.api.JavacTaskImpl.analyze(Ljava/lang/Iterable;)Ljava/lang/Iterable;+2
j  com.sun.tools.javac.api.JavacTaskImpl.analyze()Ljava/lang/Iterable;+2
j  org.stjs.generator.Generator.parseAndResolve(Ljava/io/File;Lorg/stjs/generator/GenerationContext;Ljava/lang/ClassLoader;Ljava/lang/String;)Lcom/sun/source/tree/CompilationUnitTree;+135
j  org.stjs.generator.Generator.generateJavascript(Ljava/lang/String;Ljava/io/File;)Lorg/stjs/generator/ClassWithJavascript;+131
j  org.stjs.maven.AbstractSTJSMojo.execute()V+583
j  org.apache.maven.plugin.DefaultBuildPluginManager.executeMojo(Lorg/apache/maven/execution/MavenSession;Lorg/apache/maven/plugin/MojoExecution;)V+155
j  org.apache.maven.lifecycle.internal.MojoExecutor.execute(Lorg/apache/maven/execution/MavenSession;Lorg/apache/maven/plugin/MojoExecution;Lorg/apache/maven/lifecycle/internal/ProjectIndex;Lorg/apache/maven/lifecycle/internal/DependencyContext;)V+220
j  org.apache.maven.lifecycle.internal.MojoExecutor.execute(Lorg/apache/maven/execution/MavenSession;Lorg/apache/maven/plugin/MojoExecution;Lorg/apache/maven/lifecycle/internal/ProjectIndex;Lorg/apache/maven/lifecycle/internal/DependencyContext;Lorg/apache/maven/lifecycle/internal/PhaseRecorder;)V+6
j  org.apache.maven.lifecycle.internal.MojoExecutor.execute(Lorg/apache/maven/execution/MavenSession;Ljava/util/List;Lorg/apache/maven/lifecycle/internal/ProjectIndex;)V+60
j  org.apache.maven.lifecycle.internal.LifecycleModuleBuilder.buildProject(Lorg/apache/maven/execution/MavenSession;Lorg/apache/maven/execution/MavenSession;Lorg/apache/maven/lifecycle/internal/ReactorContext;Lorg/apache/maven/project/MavenProject;Lorg/apache/maven/lifecycle/internal/TaskSegment;)V+180
j  org.apache.maven.lifecycle.internal.LifecycleModuleBuilder.buildProject(Lorg/apache/maven/execution/MavenSession;Lorg/apache/maven/lifecycle/internal/ReactorContext;Lorg/apache/maven/project/MavenProject;Lorg/apache/maven/lifecycle/internal/TaskSegment;)V+7
j  org.apache.maven.lifecycle.internal.builder.singlethreaded.SingleThreadedBuilder.build(Lorg/apache/maven/execution/MavenSession;Lorg/apache/maven/lifecycle/internal/ReactorContext;Lorg/apache/maven/lifecycle/internal/ProjectBuildList;Ljava/util/List;Lorg/apache/maven/lifecycle/internal/ReactorBuildStatus;)V+77
j  org.apache.maven.lifecycle.internal.LifecycleStarter.execute(Lorg/apache/maven/execution/MavenSession;)V+353
j  org.apache.maven.DefaultMaven.doExecute(Lorg/apache/maven/execution/MavenExecutionRequest;Lorg/apache/maven/execution/MavenSession;Lorg/apache/maven/execution/MavenExecutionResult;Lorg/eclipse/aether/DefaultRepositorySystemSession;)Lorg/apache/maven/execution/MavenExecutionResult;+414
j  org.apache.maven.DefaultMaven.doExecute(Lorg/apache/maven/execution/MavenExecutionRequest;)Lorg/apache/maven/execution/MavenExecutionResult;+99
j  org.apache.maven.DefaultMaven.execute(Lorg/apache/maven/execution/MavenExecutionRequest;)Lorg/apache/maven/execution/MavenExecutionResult;+2
j  org.apache.maven.cli.MavenCli.execute(Lorg/apache/maven/cli/CliRequest;)I+27
j  org.apache.maven.cli.MavenCli.doMain(Lorg/apache/maven/cli/CliRequest;)I+66
j  org.apache.maven.cli.MavenCli.main([Ljava/lang/String;Lorg/codehaus/plexus/classworlds/ClassWorld;)I+18
v  ~StubRoutines::call_stub
V  [libjvm.dylib+0x2eab02]  JavaCalls::call_helper(JavaValue*, methodHandle*, JavaCallArguments*, Thread*)+0x6ae
V  [libjvm.dylib+0x4caf38]  Reflection::invoke(instanceKlassHandle, methodHandle, Handle, bool, objArrayHandle, BasicType, objArrayHandle, bool, Thread*)+0xe12
V  [libjvm.dylib+0x4cb46c]  Reflection::invoke_method(oopDesc*, Handle, objArrayHandle, Thread*)+0x16c
V  [libjvm.dylib+0x342cb4]  JVM_InvokeMethod+0x166
j  sun.reflect.NativeMethodAccessorImpl.invoke0(Ljava/lang/reflect/Method;Ljava/lang/Object;[Ljava/lang/Object;)Ljava/lang/Object;+0
j  sun.reflect.NativeMethodAccessorImpl.invoke(Ljava/lang/Object;[Ljava/lang/Object;)Ljava/lang/Object;+100
j  sun.reflect.DelegatingMethodAccessorImpl.invoke(Ljava/lang/Object;[Ljava/lang/Object;)Ljava/lang/Object;+6
j  java.lang.reflect.Method.invoke(Ljava/lang/Object;[Ljava/lang/Object;)Ljava/lang/Object;+56
j  org.codehaus.plexus.classworlds.launcher.Launcher.launchEnhanced([Ljava/lang/String;)V+45
j  org.codehaus.plexus.classworlds.launcher.Launcher.launch([Ljava/lang/String;)V+2
j  org.codehaus.plexus.classworlds.launcher.Launcher.mainWithExitCode([Ljava/lang/String;)I+101
j  org.codehaus.plexus.classworlds.launcher.Launcher.main([Ljava/lang/String;)V+1
v  ~StubRoutines::call_stub
V  [libjvm.dylib+0x2eab02]  JavaCalls::call_helper(JavaValue*, methodHandle*, JavaCallArguments*, Thread*)+0x6ae
V  [libjvm.dylib+0x321814]  jni_invoke_static(JNIEnv_*, JavaValue*, _jobject*, JNICallType, _jmethodID*, JNI_ArgumentPusher*, Thread*)+0x1bf
V  [libjvm.dylib+0x31a58e]  jni_CallStaticVoidMethod+0x15d
C  [java+0x393e]  JavaMain+0x9b1
C  [libsystem_pthread.dylib+0x399d]  _pthread_body+0x83
C  [libsystem_pthread.dylib+0x391a]  _pthread_body+0x0
C  [libsystem_pthread.dylib+0x1351]  thread_start+0xd
C  0x0000000000000000

Java frames: (J=compiled Java code, j=interpreted, Vv=VM code)
J 124  java.util.zip.ZipFile.getEntry(J[BZ)J (0 bytes) @ 0x00000001070d3998 [0x00000001070d3940+0x58]
J 113 C1 java.util.zip.ZipFile.getEntry(Ljava/lang/String;)Ljava/util/zip/ZipEntry; (86 bytes) @ 0x00000001070d028c [0x00000001070d0020+0x26c]
J 5537 C1 sun.net.www.protocol.jar.URLJarFile.getEntry(Ljava/lang/String;)Ljava/util/zip/ZipEntry; (69 bytes) @ 0x00000001075cfb74 [0x00000001075cfaa0+0xd4]
J 6233 C1 sun.net.www.protocol.jar.JarURLConnection.connect()V (147 bytes) @ 0x000000010816f544 [0x000000010816f040+0x504]
j  sun.net.www.protocol.jar.JarURLConnection.getJarFile()Ljava/util/jar/JarFile;+1
J 6470 C1 org.stjs.generator.javac.PackageInternalsFinder.processJar(Ljava/net/URL;Z)Ljava/util/List; (159 bytes) @ 0x0000000108252dcc [0x0000000108252320+0xaac]
j  org.stjs.generator.javac.PackageInternalsFinder.listUnder(Ljava/lang/String;Ljava/net/URL;Z)Ljava/util/Collection;+33
J 6475 C1 org.stjs.generator.javac.PackageInternalsFinder.find(Ljava/lang/String;Z)Ljava/util/List; (108 bytes) @ 0x0000000108243d44 [0x0000000108243300+0xa44]
J 5604 C1 org.stjs.generator.javac.CustomClassloaderJavaFileManager.list(Ljavax/tools/JavaFileManager$Location;Ljava/lang/String;Ljava/util/Set;Z)Ljava/lang/Iterable; (80 bytes) @ 0x0000000107aa9a84 [0x0000000107aa95e0+0x4a4]
J 5603 C1 com.sun.tools.javac.api.ClientCodeWrapper$WrappedJavaFileManager.list(Ljavax/tools/JavaFileManager$Location;Ljava/lang/String;Ljava/util/Set;Z)Ljava/lang/Iterable; (51 bytes) @ 0x0000000107299a14 [0x0000000107299900+0x114]
J 6153 C1 com.sun.tools.javac.jvm.ClassReader.fillIn(Lcom/sun/tools/javac/code/Symbol$PackageSymbol;)V (592 bytes) @ 0x000000010811bf94 [0x0000000108115fe0+0x5fb4]
J 4601 C1 com.sun.tools.javac.jvm.ClassReader.complete(Lcom/sun/tools/javac/code/Symbol;)V (127 bytes) @ 0x0000000107e06294 [0x0000000107e05a20+0x874]
J 4599 C1 com.sun.tools.javac.jvm.ClassReader$1.complete(Lcom/sun/tools/javac/code/Symbol;)V (9 bytes) @ 0x0000000107e0518c [0x0000000107e050c0+0xcc]
J 5544 C1 com.sun.tools.javac.code.Symbol$PackageSymbol.flags()J (16 bytes) @ 0x00000001073e2434 [0x00000001073e21c0+0x274]
J 5449 C1 com.sun.tools.javac.comp.Check.checkDeprecated(Lcom/sun/tools/javac/util/JCDiagnostic$DiagnosticPosition;Lcom/sun/tools/javac/code/Symbol;Lcom/sun/tools/javac/code/Symbol;)V (55 bytes) @ 0x0000000107285fdc [0x0000000107285ec0+0x11c]
J 5455 C1 com.sun.tools.javac.comp.Attr.checkIdInternal(Lcom/sun/tools/javac/tree/JCTree;Lcom/sun/tools/javac/code/Type;Lcom/sun/tools/javac/code/Symbol;Lcom/sun/tools/javac/code/Type;Lcom/sun/tools/javac/comp/Env;Lcom/sun/tools/javac/comp/Attr$ResultInfo;)Lcom/sun/tools/javac/code/Type; (680 bytes) @ 0x00000001072d7ed4 [0x00000001072d3680+0x4854]
J 5454 C1 com.sun.tools.javac.comp.Attr.checkId(Lcom/sun/tools/javac/tree/JCTree;Lcom/sun/tools/javac/code/Type;Lcom/sun/tools/javac/code/Symbol;Lcom/sun/tools/javac/comp/Env;Lcom/sun/tools/javac/comp/Attr$ResultInfo;)Lcom/sun/tools/javac/code/Type; (59 bytes) @ 0x000000010719430c [0x0000000107193da0+0x56c]
J 6162 C1 com.sun.tools.javac.comp.Attr.visitIdent(Lcom/sun/tools/javac/tree/JCTree$JCIdent;)V (554 bytes) @ 0x00000001081277ac [0x00000001081251a0+0x260c]
J 5650 C2 com.sun.tools.javac.tree.JCTree$JCIdent.accept(Lcom/sun/tools/javac/tree/JCTree$Visitor;)V (6 bytes) @ 0x0000000107b90564 [0x0000000107b90520+0x44]
J 4118 C1 com.sun.tools.javac.comp.Attr.attribTree(Lcom/sun/tools/javac/tree/JCTree;Lcom/sun/tools/javac/comp/Env;Lcom/sun/tools/javac/comp/Attr$ResultInfo;)Lcom/sun/tools/javac/code/Type; (148 bytes) @ 0x0000000107c7751c [0x0000000107c773a0+0x17c]
J 6473 C1 com.sun.tools.javac.comp.Attr.visitSelect(Lcom/sun/tools/javac/tree/JCTree$JCFieldAccess;)V (1224 bytes) @ 0x000000010825ef4c [0x000000010825ea60+0x4ec]
J 4177 C1 com.sun.tools.javac.tree.JCTree$JCFieldAccess.accept(Lcom/sun/tools/javac/tree/JCTree$Visitor;)V (6 bytes) @ 0x0000000107ca1f0c [0x0000000107ca1e00+0x10c]
J 4118 C1 com.sun.tools.javac.comp.Attr.attribTree(Lcom/sun/tools/javac/tree/JCTree;Lcom/sun/tools/javac/comp/Env;Lcom/sun/tools/javac/comp/Attr$ResultInfo;)Lcom/sun/tools/javac/code/Type; (148 bytes) @ 0x0000000107c7751c [0x0000000107c773a0+0x17c]
J 6473 C1 com.sun.tools.javac.comp.Attr.visitSelect(Lcom/sun/tools/javac/tree/JCTree$JCFieldAccess;)V (1224 bytes) @ 0x000000010825ef4c [0x000000010825ea60+0x4ec]
J 4177 C1 com.sun.tools.javac.tree.JCTree$JCFieldAccess.accept(Lcom/sun/tools/javac/tree/JCTree$Visitor;)V (6 bytes) @ 0x0000000107ca1f0c [0x0000000107ca1e00+0x10c]
J 4118 C1 com.sun.tools.javac.comp.Attr.attribTree(Lcom/sun/tools/javac/tree/JCTree;Lcom/sun/tools/javac/comp/Env;Lcom/sun/tools/javac/comp/Attr$ResultInfo;)Lcom/sun/tools/javac/code/Type; (148 bytes) @ 0x0000000107c7751c [0x0000000107c773a0+0x17c]
J 6473 C1 com.sun.tools.javac.comp.Attr.visitSelect(Lcom/sun/tools/javac/tree/JCTree$JCFieldAccess;)V (1224 bytes) @ 0x000000010825ef4c [0x000000010825ea60+0x4ec]
J 4177 C1 com.sun.tools.javac.tree.JCTree$JCFieldAccess.accept(Lcom/sun/tools/javac/tree/JCTree$Visitor;)V (6 bytes) @ 0x0000000107ca1f0c [0x0000000107ca1e00+0x10c]
J 4118 C1 com.sun.tools.javac.comp.Attr.attribTree(Lcom/sun/tools/javac/tree/JCTree;Lcom/sun/tools/javac/comp/Env;Lcom/sun/tools/javac/comp/Attr$ResultInfo;)Lcom/sun/tools/javac/code/Type; (148 bytes) @ 0x0000000107c7751c [0x0000000107c773a0+0x17c]
j  com.sun.tools.javac.comp.Attr.attribImportQualifier(Lcom/sun/tools/javac/tree/JCTree$JCImport;Lcom/sun/tools/javac/comp/Env;)Lcom/sun/tools/javac/code/Type;+37
j  com.sun.tools.javac.comp.MemberEnter.visitImport(Lcom/sun/tools/javac/tree/JCTree$JCImport;)V+30
j  com.sun.tools.javac.tree.JCTree$JCImport.accept(Lcom/sun/tools/javac/tree/JCTree$Visitor;)V+2
J 6559 C1 com.sun.tools.javac.comp.MemberEnter.memberEnter(Lcom/sun/tools/javac/tree/JCTree;Lcom/sun/tools/javac/comp/Env;)V (58 bytes) @ 0x00000001082c7ea4 [0x00000001082c7d60+0x144]
j  com.sun.tools.javac.comp.MemberEnter.memberEnter(Lcom/sun/tools/javac/util/List;Lcom/sun/tools/javac/comp/Env;)V+18
j  com.sun.tools.javac.comp.MemberEnter.visitTopLevel(Lcom/sun/tools/javac/tree/JCTree$JCCompilationUnit;)V+164
j  com.sun.tools.javac.tree.JCTree$JCCompilationUnit.accept(Lcom/sun/tools/javac/tree/JCTree$Visitor;)V+2
J 6559 C1 com.sun.tools.javac.comp.MemberEnter.memberEnter(Lcom/sun/tools/javac/tree/JCTree;Lcom/sun/tools/javac/comp/Env;)V (58 bytes) @ 0x00000001082c7ea4 [0x00000001082c7d60+0x144]
j  com.sun.tools.javac.comp.MemberEnter.complete(Lcom/sun/tools/javac/code/Symbol;)V+163
J 4252 C1 com.sun.tools.javac.code.Symbol$ClassSymbol.complete()V (38 bytes) @ 0x0000000107cd6b9c [0x0000000107cd69e0+0x1bc]
j  com.sun.tools.javac.comp.Enter.complete(Lcom/sun/tools/javac/util/List;Lcom/sun/tools/javac/code/Symbol$ClassSymbol;)V+88
j  com.sun.tools.javac.comp.Enter.main(Lcom/sun/tools/javac/util/List;)V+3
j  com.sun.tools.javac.main.JavaCompiler.enterTrees(Lcom/sun/tools/javac/util/List;)Lcom/sun/tools/javac/util/List;+64
j  com.sun.tools.javac.api.JavacTaskImpl.enter(Ljava/lang/Iterable;)Ljava/lang/Iterable;+253
j  com.sun.tools.javac.api.JavacTaskImpl.analyze(Ljava/lang/Iterable;)Ljava/lang/Iterable;+2
j  com.sun.tools.javac.api.JavacTaskImpl.analyze()Ljava/lang/Iterable;+2
j  org.stjs.generator.Generator.parseAndResolve(Ljava/io/File;Lorg/stjs/generator/GenerationContext;Ljava/lang/ClassLoader;Ljava/lang/String;)Lcom/sun/source/tree/CompilationUnitTree;+135
j  org.stjs.generator.Generator.generateJavascript(Ljava/lang/String;Ljava/io/File;)Lorg/stjs/generator/ClassWithJavascript;+131
j  org.stjs.maven.AbstractSTJSMojo.execute()V+583
j  org.apache.maven.plugin.DefaultBuildPluginManager.executeMojo(Lorg/apache/maven/execution/MavenSession;Lorg/apache/maven/plugin/MojoExecution;)V+155
j  org.apache.maven.lifecycle.internal.MojoExecutor.execute(Lorg/apache/maven/execution/MavenSession;Lorg/apache/maven/plugin/MojoExecution;Lorg/apache/maven/lifecycle/internal/ProjectIndex;Lorg/apache/maven/lifecycle/internal/DependencyContext;)V+220
j  org.apache.maven.lifecycle.internal.MojoExecutor.execute(Lorg/apache/maven/execution/MavenSession;Lorg/apache/maven/plugin/MojoExecution;Lorg/apache/maven/lifecycle/internal/ProjectIndex;Lorg/apache/maven/lifecycle/internal/DependencyContext;Lorg/apache/maven/lifecycle/internal/PhaseRecorder;)V+6
j  org.apache.maven.lifecycle.internal.MojoExecutor.execute(Lorg/apache/maven/execution/MavenSession;Ljava/util/List;Lorg/apache/maven/lifecycle/internal/ProjectIndex;)V+60
j  org.apache.maven.lifecycle.internal.LifecycleModuleBuilder.buildProject(Lorg/apache/maven/execution/MavenSession;Lorg/apache/maven/execution/MavenSession;Lorg/apache/maven/lifecycle/internal/ReactorContext;Lorg/apache/maven/project/MavenProject;Lorg/apache/maven/lifecycle/internal/TaskSegment;)V+180
j  org.apache.maven.lifecycle.internal.LifecycleModuleBuilder.buildProject(Lorg/apache/maven/execution/MavenSession;Lorg/apache/maven/lifecycle/internal/ReactorContext;Lorg/apache/maven/project/MavenProject;Lorg/apache/maven/lifecycle/internal/TaskSegment;)V+7
j  org.apache.maven.lifecycle.internal.builder.singlethreaded.SingleThreadedBuilder.build(Lorg/apache/maven/execution/MavenSession;Lorg/apache/maven/lifecycle/internal/ReactorContext;Lorg/apache/maven/lifecycle/internal/ProjectBuildList;Ljava/util/List;Lorg/apache/maven/lifecycle/internal/ReactorBuildStatus;)V+77
j  org.apache.maven.lifecycle.internal.LifecycleStarter.execute(Lorg/apache/maven/execution/MavenSession;)V+353
j  org.apache.maven.DefaultMaven.doExecute(Lorg/apache/maven/execution/MavenExecutionRequest;Lorg/apache/maven/execution/MavenSession;Lorg/apache/maven/execution/MavenExecutionResult;Lorg/eclipse/aether/DefaultRepositorySystemSession;)Lorg/apache/maven/execution/MavenExecutionResult;+414
j  org.apache.maven.DefaultMaven.doExecute(Lorg/apache/maven/execution/MavenExecutionRequest;)Lorg/apache/maven/execution/MavenExecutionResult;+99
j  org.apache.maven.DefaultMaven.execute(Lorg/apache/maven/execution/MavenExecutionRequest;)Lorg/apache/maven/execution/MavenExecutionResult;+2
j  org.apache.maven.cli.MavenCli.execute(Lorg/apache/maven/cli/CliRequest;)I+27
j  org.apache.maven.cli.MavenCli.doMain(Lorg/apache/maven/cli/CliRequest;)I+66
j  org.apache.maven.cli.MavenCli.main([Ljava/lang/String;Lorg/codehaus/plexus/classworlds/ClassWorld;)I+18
v  ~StubRoutines::call_stub
j  sun.reflect.NativeMethodAccessorImpl.invoke0(Ljava/lang/reflect/Method;Ljava/lang/Object;[Ljava/lang/Object;)Ljava/lang/Object;+0
j  sun.reflect.NativeMethodAccessorImpl.invoke(Ljava/lang/Object;[Ljava/lang/Object;)Ljava/lang/Object;+100
j  sun.reflect.DelegatingMethodAccessorImpl.invoke(Ljava/lang/Object;[Ljava/lang/Object;)Ljava/lang/Object;+6
j  java.lang.reflect.Method.invoke(Ljava/lang/Object;[Ljava/lang/Object;)Ljava/lang/Object;+56
j  org.codehaus.plexus.classworlds.launcher.Launcher.launchEnhanced([Ljava/lang/String;)V+45
j  org.codehaus.plexus.classworlds.launcher.Launcher.launch([Ljava/lang/String;)V+2
j  org.codehaus.plexus.classworlds.launcher.Launcher.mainWithExitCode([Ljava/lang/String;)I+101
j  org.codehaus.plexus.classworlds.launcher.Launcher.main([Ljava/lang/String;)V+1
v  ~StubRoutines::call_stub

---------------  P R O C E S S  ---------------

Java Threads: ( => current thread )
  0x00007fbec4d86800 JavaThread "process reaper" daemon [_thread_blocked, id=24579, stack(0x00007000019e5000,0x0000700001a0d000)]
  0x00007fbec8bc5800 JavaThread "resolver-4" daemon [_thread_blocked, id=23555, stack(0x00007000017df000,0x00007000018df000)]
  0x00007fbec5b17800 JavaThread "resolver-3" daemon [_thread_blocked, id=23043, stack(0x00007000016dc000,0x00007000017dc000)]
  0x00007fbec66f7800 JavaThread "resolver-2" daemon [_thread_blocked, id=22531, stack(0x00007000015d9000,0x00007000016d9000)]
  0x00007fbec67e5800 JavaThread "resolver-1" daemon [_thread_blocked, id=22019, stack(0x00007000014d6000,0x00007000015d6000)]
  0x00007fbec601c000 JavaThread "Service Thread" daemon [_thread_blocked, id=20995, stack(0x00007000012d0000,0x00007000013d0000)]
  0x00007fbec5018800 JavaThread "C1 CompilerThread3" daemon [_thread_blocked, id=20483, stack(0x00007000011cd000,0x00007000012cd000)]
  0x00007fbec5018000 JavaThread "C2 CompilerThread2" daemon [_thread_in_native, id=19971, stack(0x00007000010ca000,0x00007000011ca000)]
  0x00007fbec500e000 JavaThread "C2 CompilerThread1" daemon [_thread_in_native, id=19459, stack(0x0000700000fc7000,0x00007000010c7000)]
  0x00007fbec601b000 JavaThread "C2 CompilerThread0" daemon [_thread_in_native, id=18947, stack(0x0000700000ec4000,0x0000700000fc4000)]
  0x00007fbec4822000 JavaThread "Signal Dispatcher" daemon [_thread_blocked, id=15887, stack(0x0000700000dc1000,0x0000700000ec1000)]
  0x00007fbec4801000 JavaThread "Finalizer" daemon [_thread_blocked, id=14339, stack(0x0000700000c3b000,0x0000700000d3b000)]
  0x00007fbec6014800 JavaThread "Reference Handler" daemon [_thread_blocked, id=13827, stack(0x0000700000b38000,0x0000700000c38000)]
=>0x00007fbec4807000 JavaThread "main" [_thread_in_native, id=5891, stack(0x000070000011a000,0x000070000021a000)]

Other Threads:
  0x00007fbec6012000 VMThread [stack: 0x0000700000a35000,0x0000700000b35000] [id=13315]
  0x00007fbec4823000 WatcherThread [stack: 0x00007000013d3000,0x00007000014d3000] [id=21507]

VM state:not at safepoint (normal execution)

VM Mutex/Monitor currently owned by a thread:  ([mutex/lock_event])
[0x00007fbec2c05040] Compile_lock - owner thread: 0x00007fbec601b000
[0x00007fbec2c05140] MethodCompileQueue_lock - owner thread: 0x00007fbec601b000

Heap:
 PSYoungGen      total 187904K, used 135612K [0x000000076ab00000, 0x000000077c000000, 0x00000007c0000000)
  eden space 177152K, 70% used [0x000000076ab00000,0x00000007724f2a30,0x0000000775800000)
  from space 10752K, 99% used [0x000000077b580000,0x000000077bffc880,0x000000077c000000)
  to   space 10752K, 0% used [0x000000077ab00000,0x000000077ab00000,0x000000077b580000)
 ParOldGen       total 123392K, used 21716K [0x00000006c0000000, 0x00000006c7880000, 0x000000076ab00000)
  object space 123392K, 17% used [0x00000006c0000000,0x00000006c1535070,0x00000006c7880000)
 Metaspace       used 34027K, capacity 35224K, committed 35456K, reserved 1081344K
  class space    used 4028K, capacity 4431K, committed 4480K, reserved 1048576K

Card table byte_map: [0x0000000116349000,0x0000000116b4a000] byte_map_base: 0x0000000112d49000

Marking Bits: (ParMarkBitMap*) 0x00000001068dee20
 Begin Bits: [0x00000001170a0000, 0x000000011b0a0000)
 End Bits:   [0x000000011b0a0000, 0x000000011f0a0000)

Polling page: 0x0000000104f7d000

CodeCache: size=245760Kb used=20379Kb max_used=20379Kb free=225380Kb
 bounds [0x0000000106f89000, 0x0000000108389000, 0x0000000115f89000]
 total_blobs=6475 nmethods=6065 adapters=321
 compilation: enabled

Compilation events (10 events):
Event: 27.848 Thread 0x00007fbec5018800 6833       3       com.sun.tools.javac.parser.JavacParser::blockStatement (860 bytes)
Event: 27.852 Thread 0x00007fbec5018000 nmethod 6729 0x000000010836a450 code [0x000000010836a5c0, 0x000000010836a968]
Event: 27.852 Thread 0x00007fbec5018000 6834   !   4       com.sun.tools.javac.parser.JavaTokenizer::readToken (2243 bytes)
Event: 27.855 Thread 0x00007fbec5018800 nmethod 6833 0x0000000108370b10 code [0x0000000108371380, 0x0000000108376778]
Event: 27.855 Thread 0x00007fbec5018800 6835       3       sun.misc.URLClassPath$2::next (63 bytes)
Event: 27.855 Thread 0x00007fbec5018800 nmethod 6835 0x0000000108369cd0 code [0x0000000108369e60, 0x000000010836a298]
Event: 27.855 Thread 0x00007fbec5018800 6832       3       com.sun.tools.javac.tree.JCTree$JCExpressionStatement::getTag (4 bytes)
Event: 27.855 Thread 0x00007fbec5018800 nmethod 6832 0x0000000108369990 code [0x0000000108369b00, 0x0000000108369c50]
Event: 27.855 Thread 0x00007fbec5018800 6831       1       com.sun.tools.javac.parser.Tokens$StringToken::stringVal (5 bytes)
Event: 27.855 Thread 0x00007fbec5018800 nmethod 6831 0x000000010836bf10 code [0x000000010836c060, 0x000000010836c170]

GC Heap History (10 events):
Event: 0.835 GC heap before
{Heap before GC invocations=1 (full 0):
 PSYoungGen      total 76288K, used 65536K [0x000000076ab00000, 0x0000000770000000, 0x00000007c0000000)
  eden space 65536K, 100% used [0x000000076ab00000,0x000000076eb00000,0x000000076eb00000)
  from space 10752K, 0% used [0x000000076f580000,0x000000076f580000,0x0000000770000000)
  to   space 10752K, 0% used [0x000000076eb00000,0x000000076eb00000,0x000000076f580000)
 ParOldGen       total 175104K, used 0K [0x00000006c0000000, 0x00000006cab00000, 0x000000076ab00000)
  object space 175104K, 0% used [0x00000006c0000000,0x00000006c0000000,0x00000006cab00000)
 Metaspace       used 11192K, capacity 11328K, committed 11520K, reserved 1058816K
  class space    used 1401K, capacity 1476K, committed 1536K, reserved 1048576K
Event: 0.844 GC heap after
Heap after GC invocations=1 (full 0):
 PSYoungGen      total 76288K, used 9442K [0x000000076ab00000, 0x0000000774000000, 0x00000007c0000000)
  eden space 65536K, 0% used [0x000000076ab00000,0x000000076ab00000,0x000000076eb00000)
  from space 10752K, 87% used [0x000000076eb00000,0x000000076f438b68,0x000000076f580000)
  to   space 10752K, 0% used [0x0000000773580000,0x0000000773580000,0x0000000774000000)
 ParOldGen       total 175104K, used 16K [0x00000006c0000000, 0x00000006cab00000, 0x000000076ab00000)
  object space 175104K, 0% used [0x00000006c0000000,0x00000006c0004000,0x00000006cab00000)
 Metaspace       used 11192K, capacity 11328K, committed 11520K, reserved 1058816K
  class space    used 1401K, capacity 1476K, committed 1536K, reserved 1048576K
}
Event: 1.652 GC heap before
{Heap before GC invocations=2 (full 0):
 PSYoungGen      total 76288K, used 74978K [0x000000076ab00000, 0x0000000774000000, 0x00000007c0000000)
  eden space 65536K, 100% used [0x000000076ab00000,0x000000076eb00000,0x000000076eb00000)
  from space 10752K, 87% used [0x000000076eb00000,0x000000076f438b68,0x000000076f580000)
  to   space 10752K, 0% used [0x0000000773580000,0x0000000773580000,0x0000000774000000)
 ParOldGen       total 175104K, used 16K [0x00000006c0000000, 0x00000006cab00000, 0x000000076ab00000)
  object space 175104K, 0% used [0x00000006c0000000,0x00000006c0004000,0x00000006cab00000)
 Metaspace       used 14874K, capacity 15066K, committed 15232K, reserved 1062912K
  class space    used 1793K, capacity 1875K, committed 1920K, reserved 1048576K
Event: 1.662 GC heap after
Heap after GC invocations=2 (full 0):
 PSYoungGen      total 141824K, used 9599K [0x000000076ab00000, 0x0000000774000000, 0x00000007c0000000)
  eden space 131072K, 0% used [0x000000076ab00000,0x000000076ab00000,0x0000000772b00000)
  from space 10752K, 89% used [0x0000000773580000,0x0000000773edfe18,0x0000000774000000)
  to   space 10752K, 0% used [0x0000000772b00000,0x0000000772b00000,0x0000000773580000)
 ParOldGen       total 175104K, used 32K [0x00000006c0000000, 0x00000006cab00000, 0x000000076ab00000)
  object space 175104K, 0% used [0x00000006c0000000,0x00000006c0008000,0x00000006cab00000)
 Metaspace       used 14874K, capacity 15066K, committed 15232K, reserved 1062912K
  class space    used 1793K, capacity 1875K, committed 1920K, reserved 1048576K
}
Event: 2.510 GC heap before
{Heap before GC invocations=3 (full 0):
 PSYoungGen      total 141824K, used 91894K [0x000000076ab00000, 0x0000000774000000, 0x00000007c0000000)
  eden space 131072K, 62% used [0x000000076ab00000,0x000000076fb5daf0,0x0000000772b00000)
  from space 10752K, 89% used [0x0000000773580000,0x0000000773edfe18,0x0000000774000000)
  to   space 10752K, 0% used [0x0000000772b00000,0x0000000772b00000,0x0000000773580000)
 ParOldGen       total 175104K, used 32K [0x00000006c0000000, 0x00000006cab00000, 0x000000076ab00000)
  object space 175104K, 0% used [0x00000006c0000000,0x00000006c0008000,0x00000006cab00000)
 Metaspace       used 20797K, capacity 21198K, committed 21296K, reserved 1069056K
  class space    used 2537K, capacity 2685K, committed 2688K, reserved 1048576K
Event: 2.527 GC heap after
Heap after GC invocations=3 (full 0):
 PSYoungGen      total 141824K, used 10720K [0x000000076ab00000, 0x000000077c000000, 0x00000007c0000000)
  eden space 131072K, 0% used [0x000000076ab00000,0x000000076ab00000,0x0000000772b00000)
  from space 10752K, 99% used [0x0000000772b00000,0x0000000773578040,0x0000000773580000)
  to   space 10752K, 0% used [0x000000077b580000,0x000000077b580000,0x000000077c000000)
 ParOldGen       total 175104K, used 3499K [0x00000006c0000000, 0x00000006cab00000, 0x000000076ab00000)
  object space 175104K, 1% used [0x00000006c0000000,0x00000006c036adf8,0x00000006cab00000)
 Metaspace       used 20797K, capacity 21198K, committed 21296K, reserved 1069056K
  class space    used 2537K, capacity 2685K, committed 2688K, reserved 1048576K
}
Event: 2.527 GC heap before
{Heap before GC invocations=4 (full 1):
 PSYoungGen      total 141824K, used 10720K [0x000000076ab00000, 0x000000077c000000, 0x00000007c0000000)
  eden space 131072K, 0% used [0x000000076ab00000,0x000000076ab00000,0x0000000772b00000)
  from space 10752K, 99% used [0x0000000772b00000,0x0000000773578040,0x0000000773580000)
  to   space 10752K, 0% used [0x000000077b580000,0x000000077b580000,0x000000077c000000)
 ParOldGen       total 175104K, used 3499K [0x00000006c0000000, 0x00000006cab00000, 0x000000076ab00000)
  object space 175104K, 1% used [0x00000006c0000000,0x00000006c036adf8,0x00000006cab00000)
 Metaspace       used 20797K, capacity 21198K, committed 21296K, reserved 1069056K
  class space    used 2537K, capacity 2685K, committed 2688K, reserved 1048576K
Event: 2.578 GC heap after
Heap after GC invocations=4 (full 1):
 PSYoungGen      total 141824K, used 0K [0x000000076ab00000, 0x000000077c000000, 0x00000007c0000000)
  eden space 131072K, 0% used [0x000000076ab00000,0x000000076ab00000,0x0000000772b00000)
  from space 10752K, 0% used [0x0000000772b00000,0x0000000772b00000,0x0000000773580000)
  to   space 10752K, 0% used [0x000000077b580000,0x000000077b580000,0x000000077c000000)
 ParOldGen       total 123392K, used 13992K [0x00000006c0000000, 0x00000006c7880000, 0x000000076ab00000)
  object space 123392K, 11% used [0x00000006c0000000,0x00000006c0daa2b8,0x00000006c7880000)
 Metaspace       used 20797K, capacity 21198K, committed 21296K, reserved 1069056K
  class space    used 2537K, capacity 2685K, committed 2688K, reserved 1048576K
}
Event: 5.975 GC heap before
{Heap before GC invocations=5 (full 1):
 PSYoungGen      total 141824K, used 131072K [0x000000076ab00000, 0x000000077c000000, 0x00000007c0000000)
  eden space 131072K, 100% used [0x000000076ab00000,0x0000000772b00000,0x0000000772b00000)
  from space 10752K, 0% used [0x0000000772b00000,0x0000000772b00000,0x0000000773580000)
  to   space 10752K, 0% used [0x000000077b580000,0x000000077b580000,0x000000077c000000)
 ParOldGen       total 123392K, used 13992K [0x00000006c0000000, 0x00000006c7880000, 0x000000076ab00000)
  object space 123392K, 11% used [0x00000006c0000000,0x00000006c0daa2b8,0x00000006c7880000)
 Metaspace       used 31302K, capacity 32054K, committed 32256K, reserved 1077248K
  class space    used 3738K, capacity 4010K, committed 4096K, reserved 1048576K
Event: 5.990 GC heap after
Heap after GC invocations=5 (full 1):
 PSYoungGen      total 187904K, used 10738K [0x000000076ab00000, 0x000000077c000000, 0x00000007c0000000)
  eden space 177152K, 0% used [0x000000076ab00000,0x000000076ab00000,0x0000000775800000)
  from space 10752K, 99% used [0x000000077b580000,0x000000077bffc880,0x000000077c000000)
  to   space 10752K, 0% used [0x000000077ab00000,0x000000077ab00000,0x000000077b580000)
 ParOldGen       total 123392K, used 21716K [0x00000006c0000000, 0x00000006c7880000, 0x000000076ab00000)
  object space 123392K, 17% used [0x00000006c0000000,0x00000006c1535070,0x00000006c7880000)
 Metaspace       used 31302K, capacity 32054K, committed 32256K, reserved 1077248K
  class space    used 3738K, capacity 4010K, committed 4096K, reserved 1048576K
}

Deoptimization events (10 events):
Event: 6.442 Thread 0x00007fbec4807000 Uncommon trap: reason=bimorphic action=maybe_recompile pc=0x000000010756cf9c method=com.sun.tools.javac.code.Scope.enter(Lcom/sun/tools/javac/code/Symbol;Lcom/sun/tools/javac/code/Scope;)V @ 5
Event: 6.442 Thread 0x00007fbec4807000 Uncommon trap: reason=bimorphic action=maybe_recompile pc=0x000000010756cf9c method=com.sun.tools.javac.code.Scope.enter(Lcom/sun/tools/javac/code/Symbol;Lcom/sun/tools/javac/code/Scope;)V @ 5
Event: 6.588 Thread 0x00007fbec4807000 Uncommon trap: reason=unstable_if action=reinterpret pc=0x0000000107aadad8 method=com.sun.tools.javac.parser.UnicodeReader.scanChar()V @ 37
Event: 6.588 Thread 0x00007fbec4807000 Uncommon trap: reason=unstable_if action=reinterpret pc=0x0000000107368270 method=com.sun.tools.javac.parser.UnicodeReader.scanChar()V @ 37
Event: 6.638 Thread 0x00007fbec4807000 Uncommon trap: reason=unstable_if action=reinterpret pc=0x000000010803fe68 method=com.sun.tools.javac.util.IntHashTable.lookup(Ljava/lang/Object;I)I @ 67
Event: 6.744 Thread 0x00007fbec4807000 Uncommon trap: reason=unstable_if action=reinterpret pc=0x0000000107b9d618 method=com.sun.tools.javac.parser.UnicodeReader.scanChar()V @ 37
Event: 6.744 Thread 0x00007fbec4807000 Uncommon trap: reason=unstable_if action=reinterpret pc=0x0000000107b9e270 method=com.sun.tools.javac.parser.UnicodeReader.scanChar()V @ 37
Event: 7.304 Thread 0x00007fbec68d2800 Uncommon trap: reason=unstable_if action=reinterpret pc=0x0000000107fbc628 method=java.io.BufferedReader.readLine(Z)Ljava/lang/String; @ 192
Event: 9.255 Thread 0x00007fbec53e9000 Uncommon trap: reason=null_check action=make_not_entrant pc=0x0000000108042cc0 method=java.lang.StringCoding.encode(Ljava/lang/String;[CII)[B @ 6
Event: 27.682 Thread 0x00007fbec4807000 Uncommon trap: reason=unstable_if action=reinterpret pc=0x000000010720f478 method=org.codehaus.plexus.util.SelectorUtils.match(Ljava/lang/String;Ljava/lang/String;Z)Z @ 112

Internal exceptions (10 events):
Event: 7.054 Thread 0x00007fbec4807000 Exception <a 'java/lang/ClassNotFoundException': java/package-info> (0x00000007708405e0) thrown at [/Users/java_re/workspace/8-2-build-macosx-x86_64/jdk8u65/4987/hotspot/src/share/vm/classfile/systemDictionary.cpp, line 210]
Event: 7.084 Thread 0x00007fbec4807000 Exception <a 'java/lang/ClassNotFoundException': java/lang/package-info> (0x0000000770b4ae98) thrown at [/Users/java_re/workspace/8-2-build-macosx-x86_64/jdk8u65/4987/hotspot/src/share/vm/classfile/systemDictionary.cpp, line 210]
Event: 7.084 Thread 0x00007fbec4807000 Exception <a 'java/lang/ClassNotFoundException': java/package-info> (0x0000000770b4b5e8) thrown at [/Users/java_re/workspace/8-2-build-macosx-x86_64/jdk8u65/4987/hotspot/src/share/vm/classfile/systemDictionary.cpp, line 210]
Event: 7.109 Thread 0x00007fbec4807000 Exception <a 'java/lang/ClassNotFoundException': java/lang/package-info> (0x0000000770e50920) thrown at [/Users/java_re/workspace/8-2-build-macosx-x86_64/jdk8u65/4987/hotspot/src/share/vm/classfile/systemDictionary.cpp, line 210]
Event: 7.110 Thread 0x00007fbec4807000 Exception <a 'java/lang/ClassNotFoundException': java/package-info> (0x0000000770e51070) thrown at [/Users/java_re/workspace/8-2-build-macosx-x86_64/jdk8u65/4987/hotspot/src/share/vm/classfile/systemDictionary.cpp, line 210]
Event: 9.255 Thread 0x00007fbec53e9000 Implicit null exception at 0x0000000108042398 to 0x0000000108042ca9
Event: 27.745 Thread 0x00007fbec4807000 Exception <a 'java/io/FileNotFoundException'> (0x0000000771ae0ac0) thrown at [/Users/java_re/workspace/8-2-build-macosx-x86_64/jdk8u65/4987/hotspot/src/share/vm/prims/jni.cpp, line 709]
Event: 27.745 Thread 0x00007fbec4807000 Exception <a 'java/io/FileNotFoundException'> (0x0000000771ae2650) thrown at [/Users/java_re/workspace/8-2-build-macosx-x86_64/jdk8u65/4987/hotspot/src/share/vm/prims/jni.cpp, line 709]
Event: 27.851 Thread 0x00007fbec4807000 Exception <a 'java/io/FileNotFoundException'> (0x0000000772207028) thrown at [/Users/java_re/workspace/8-2-build-macosx-x86_64/jdk8u65/4987/hotspot/src/share/vm/prims/jni.cpp, line 709]
Event: 27.852 Thread 0x00007fbec4807000 Exception <a 'java/io/FileNotFoundException'> (0x0000000772208bb8) thrown at [/Users/java_re/workspace/8-2-build-macosx-x86_64/jdk8u65/4987/hotspot/src/share/vm/prims/jni.cpp, line 709]

Events (10 events):
Event: 27.833 loading class org/stjs/maven/Include
Event: 27.833 loading class org/stjs/maven/Include done
Event: 27.833 loading class org/stjs/maven/Include
Event: 27.833 loading class org/stjs/maven/Include done
Event: 27.836 loading class org/json/ld/EcLinkedData
Event: 27.836 loading class org/json/ld/EcLinkedData done
Event: 27.836 loading class org/stjs/javascript/annotation/STJSBridge
Event: 27.836 loading class org/stjs/javascript/annotation/STJSBridge done
Event: 27.837 loading class org/json/ld/package-info
Event: 27.837 loading class org/json/ld/package-info done


Dynamic libraries:
0x000000000114b000 	/System/Library/Frameworks/Cocoa.framework/Versions/A/Cocoa
0x000000000114b000 	/System/Library/Frameworks/Security.framework/Versions/A/Security
0x000000000114b000 	/System/Library/Frameworks/ApplicationServices.framework/Versions/A/ApplicationServices
0x000000000114b000 	/usr/lib/libz.1.dylib
0x000000000114b000 	/usr/lib/libSystem.B.dylib
0x000000000114b000 	/usr/lib/libobjc.A.dylib
0x000000000114b000 	/System/Library/Frameworks/CoreFoundation.framework/Versions/A/CoreFoundation
0x000000000114b000 	/System/Library/Frameworks/Foundation.framework/Versions/C/Foundation
0x000000000114b000 	/System/Library/Frameworks/AppKit.framework/Versions/C/AppKit
0x000000000114b000 	/System/Library/Frameworks/CoreData.framework/Versions/A/CoreData
0x000000000114b000 	/System/Library/PrivateFrameworks/RemoteViewServices.framework/Versions/A/RemoteViewServices
0x000000000114b000 	/System/Library/PrivateFrameworks/UIFoundation.framework/Versions/A/UIFoundation
0x000000000114b000 	/usr/lib/libScreenReader.dylib
0x000000000114b000 	/System/Library/Frameworks/Accelerate.framework/Versions/A/Accelerate
0x000000000114b000 	/System/Library/Frameworks/IOSurface.framework/Versions/A/IOSurface
0x000000000114b000 	/System/Library/Frameworks/AudioToolbox.framework/Versions/A/AudioToolbox
0x000000000114b000 	/System/Library/Frameworks/AudioUnit.framework/Versions/A/AudioUnit
0x000000000114b000 	/System/Library/PrivateFrameworks/DataDetectorsCore.framework/Versions/A/DataDetectorsCore
0x000000000114b000 	/System/Library/PrivateFrameworks/DesktopServicesPriv.framework/Versions/A/DesktopServicesPriv
0x000000000114b000 	/System/Library/Frameworks/Carbon.framework/Versions/A/Frameworks/HIToolbox.framework/Versions/A/HIToolbox
0x000000000114b000 	/System/Library/Frameworks/QuartzCore.framework/Versions/A/QuartzCore
0x000000000114b000 	/System/Library/Frameworks/Carbon.framework/Versions/A/Frameworks/SpeechRecognition.framework/Versions/A/SpeechRecognition
0x000000000114b000 	/usr/lib/libauto.dylib
0x000000000114b000 	/usr/lib/libicucore.A.dylib
0x000000000114b000 	/usr/lib/libxml2.2.dylib
0x000000000114b000 	/System/Library/PrivateFrameworks/CoreUI.framework/Versions/A/CoreUI
0x000000000114b000 	/System/Library/Frameworks/CoreAudio.framework/Versions/A/CoreAudio
0x000000000114b000 	/System/Library/Frameworks/DiskArbitration.framework/Versions/A/DiskArbitration
0x000000000114b000 	/usr/lib/liblangid.dylib
0x000000000114b000 	/System/Library/PrivateFrameworks/MultitouchSupport.framework/Versions/A/MultitouchSupport
0x000000000114b000 	/System/Library/Frameworks/IOKit.framework/Versions/A/IOKit
0x000000000114b000 	/usr/lib/libDiagnosticMessagesClient.dylib
0x000000000114b000 	/System/Library/Frameworks/CoreServices.framework/Versions/A/CoreServices
0x000000000114b000 	/System/Library/PrivateFrameworks/PerformanceAnalysis.framework/Versions/A/PerformanceAnalysis
0x000000000114b000 	/System/Library/PrivateFrameworks/GenerationalStorage.framework/Versions/A/GenerationalStorage
0x000000000114b000 	/System/Library/Frameworks/OpenGL.framework/Versions/A/OpenGL
0x000000000114b000 	/System/Library/PrivateFrameworks/Sharing.framework/Versions/A/Sharing
0x000000000114b000 	/System/Library/Frameworks/CoreGraphics.framework/Versions/A/CoreGraphics
0x000000000114b000 	/System/Library/Frameworks/CoreImage.framework/Versions/A/CoreImage
0x000000000114b000 	/System/Library/Frameworks/CoreText.framework/Versions/A/CoreText
0x000000000114b000 	/System/Library/Frameworks/ImageIO.framework/Versions/A/ImageIO
0x000000000114b000 	/System/Library/PrivateFrameworks/Backup.framework/Versions/A/Backup
0x000000000114b000 	/usr/lib/libextension.dylib
0x000000000114b000 	/usr/lib/libarchive.2.dylib
0x000000000114b000 	/System/Library/Frameworks/CFNetwork.framework/Versions/A/CFNetwork
0x000000000114b000 	/System/Library/Frameworks/SystemConfiguration.framework/Versions/A/SystemConfiguration
0x000000000114b000 	/usr/lib/libCRFSuite.dylib
0x000000000114b000 	/usr/lib/libc++.1.dylib
0x000000000114b000 	/usr/lib/libc++abi.dylib
0x000000000114b000 	/usr/lib/system/libcache.dylib
0x000000000114b000 	/usr/lib/system/libcommonCrypto.dylib
0x000000000114b000 	/usr/lib/system/libcompiler_rt.dylib
0x000000000114b000 	/usr/lib/system/libcopyfile.dylib
0x000000000114b000 	/usr/lib/system/libcorecrypto.dylib
0x000000000114b000 	/usr/lib/system/libdispatch.dylib
0x000000000114b000 	/usr/lib/system/libdyld.dylib
0x000000000114b000 	/usr/lib/system/libkeymgr.dylib
0x000000000114b000 	/usr/lib/system/liblaunch.dylib
0x000000000114b000 	/usr/lib/system/libmacho.dylib
0x000000000114b000 	/usr/lib/system/libquarantine.dylib
0x000000000114b000 	/usr/lib/system/libremovefile.dylib
0x000000000114b000 	/usr/lib/system/libsystem_asl.dylib
0x000000000114b000 	/usr/lib/system/libsystem_blocks.dylib
0x000000000114b000 	/usr/lib/system/libsystem_c.dylib
0x000000000114b000 	/usr/lib/system/libsystem_configuration.dylib
0x000000000114b000 	/usr/lib/system/libsystem_coreservices.dylib
0x000000000114b000 	/usr/lib/system/libsystem_coretls.dylib
0x000000000114b000 	/usr/lib/system/libsystem_dnssd.dylib
0x000000000114b000 	/usr/lib/system/libsystem_info.dylib
0x000000000114b000 	/usr/lib/system/libsystem_kernel.dylib
0x000000000114b000 	/usr/lib/system/libsystem_m.dylib
0x000000000114b000 	/usr/lib/system/libsystem_malloc.dylib
0x000000000114b000 	/usr/lib/system/libsystem_network.dylib
0x000000000114b000 	/usr/lib/system/libsystem_networkextension.dylib
0x000000000114b000 	/usr/lib/system/libsystem_notify.dylib
0x000000000114b000 	/usr/lib/system/libsystem_platform.dylib
0x000000000114b000 	/usr/lib/system/libsystem_pthread.dylib
0x000000000114b000 	/usr/lib/system/libsystem_sandbox.dylib
0x000000000114b000 	/usr/lib/system/libsystem_secinit.dylib
0x000000000114b000 	/usr/lib/system/libsystem_trace.dylib
0x000000000114b000 	/usr/lib/system/libunc.dylib
0x000000000114b000 	/usr/lib/system/libunwind.dylib
0x000000000114b000 	/usr/lib/system/libxpc.dylib
0x000000000114b000 	/usr/lib/libenergytrace.dylib
0x000000000114b000 	/usr/lib/libbsm.0.dylib
0x000000000114b000 	/usr/lib/system/libkxld.dylib
0x000000000114b000 	/usr/lib/libxar.1.dylib
0x000000000114b000 	/usr/lib/libsqlite3.dylib
0x000000000114b000 	/usr/lib/libpam.2.dylib
0x000000000114b000 	/usr/lib/libOpenScriptingUtil.dylib
0x000000000114b000 	/usr/lib/libbz2.1.0.dylib
0x000000000114b000 	/usr/lib/liblzma.5.dylib
0x000000000114b000 	/System/Library/Frameworks/CoreServices.framework/Versions/A/Frameworks/FSEvents.framework/Versions/A/FSEvents
0x000000000114b000 	/System/Library/Frameworks/CoreServices.framework/Versions/A/Frameworks/CarbonCore.framework/Versions/A/CarbonCore
0x000000000114b000 	/System/Library/Frameworks/CoreServices.framework/Versions/A/Frameworks/Metadata.framework/Versions/A/Metadata
0x000000000114b000 	/System/Library/Frameworks/CoreServices.framework/Versions/A/Frameworks/OSServices.framework/Versions/A/OSServices
0x000000000114b000 	/System/Library/Frameworks/CoreServices.framework/Versions/A/Frameworks/SearchKit.framework/Versions/A/SearchKit
0x000000000114b000 	/System/Library/Frameworks/CoreServices.framework/Versions/A/Frameworks/AE.framework/Versions/A/AE
0x000000000114b000 	/System/Library/Frameworks/CoreServices.framework/Versions/A/Frameworks/LaunchServices.framework/Versions/A/LaunchServices
0x000000000114b000 	/System/Library/Frameworks/CoreServices.framework/Versions/A/Frameworks/DictionaryServices.framework/Versions/A/DictionaryServices
0x000000000114b000 	/System/Library/Frameworks/CoreServices.framework/Versions/A/Frameworks/SharedFileList.framework/Versions/A/SharedFileList
0x000000000114b000 	/System/Library/Frameworks/NetFS.framework/Versions/A/NetFS
0x000000000114b000 	/System/Library/PrivateFrameworks/NetAuth.framework/Versions/A/NetAuth
0x000000000114b000 	/System/Library/PrivateFrameworks/login.framework/Versions/A/Frameworks/loginsupport.framework/Versions/A/loginsupport
0x000000000114b000 	/System/Library/PrivateFrameworks/TCC.framework/Versions/A/TCC
0x000000000114b000 	/usr/lib/libmecabra.dylib
0x000000000114b000 	/System/Library/Frameworks/ApplicationServices.framework/Versions/A/Frameworks/ATS.framework/Versions/A/ATS
0x000000000114b000 	/System/Library/Frameworks/ApplicationServices.framework/Versions/A/Frameworks/ColorSync.framework/Versions/A/ColorSync
0x000000000114b000 	/System/Library/Frameworks/ApplicationServices.framework/Versions/A/Frameworks/HIServices.framework/Versions/A/HIServices
0x000000000114b000 	/System/Library/Frameworks/ApplicationServices.framework/Versions/A/Frameworks/LangAnalysis.framework/Versions/A/LangAnalysis
0x000000000114b000 	/System/Library/Frameworks/ApplicationServices.framework/Versions/A/Frameworks/PrintCore.framework/Versions/A/PrintCore
0x000000000114b000 	/System/Library/Frameworks/ApplicationServices.framework/Versions/A/Frameworks/QD.framework/Versions/A/QD
0x000000000114b000 	/System/Library/Frameworks/ApplicationServices.framework/Versions/A/Frameworks/SpeechSynthesis.framework/Versions/A/SpeechSynthesis
0x000000000114b000 	/System/Library/Frameworks/Metal.framework/Versions/A/Metal
0x000000000114b000 	/System/Library/Frameworks/Accelerate.framework/Versions/A/Frameworks/vImage.framework/Versions/A/vImage
0x000000000114b000 	/System/Library/Frameworks/Accelerate.framework/Versions/A/Frameworks/vecLib.framework/Versions/A/vecLib
0x000000000114b000 	/System/Library/Frameworks/Accelerate.framework/Versions/A/Frameworks/vecLib.framework/Versions/A/libvDSP.dylib
0x000000000114b000 	/System/Library/Frameworks/Accelerate.framework/Versions/A/Frameworks/vecLib.framework/Versions/A/libvMisc.dylib
0x000000000114b000 	/System/Library/Frameworks/Accelerate.framework/Versions/A/Frameworks/vecLib.framework/Versions/A/libLAPACK.dylib
0x000000000114b000 	/System/Library/Frameworks/Accelerate.framework/Versions/A/Frameworks/vecLib.framework/Versions/A/libBLAS.dylib
0x000000000114b000 	/System/Library/Frameworks/Accelerate.framework/Versions/A/Frameworks/vecLib.framework/Versions/A/libLinearAlgebra.dylib
0x000000000114b000 	/System/Library/Frameworks/Accelerate.framework/Versions/A/Frameworks/vecLib.framework/Versions/A/libSparseBLAS.dylib
0x000000000114b000 	/System/Library/PrivateFrameworks/GPUCompiler.framework/libmetal_timestamp.dylib
0x000000000114b000 	/System/Library/Frameworks/OpenGL.framework/Versions/A/Libraries/libCoreFSCache.dylib
0x000000000114b000 	/System/Library/PrivateFrameworks/IOAccelerator.framework/Versions/A/IOAccelerator
0x000000000114b000 	/System/Library/Frameworks/ApplicationServices.framework/Versions/A/Frameworks/ATS.framework/Versions/A/Resources/libFontParser.dylib
0x000000000114b000 	/System/Library/Frameworks/ApplicationServices.framework/Versions/A/Frameworks/ATS.framework/Versions/A/Resources/libFontRegistry.dylib
0x000000000114b000 	/System/Library/PrivateFrameworks/AppleVPA.framework/Versions/A/AppleVPA
0x000000000114b000 	/System/Library/PrivateFrameworks/AppleJPEG.framework/Versions/A/AppleJPEG
0x000000000114b000 	/System/Library/Frameworks/ImageIO.framework/Versions/A/Resources/libJPEG.dylib
0x000000000114b000 	/System/Library/Frameworks/ImageIO.framework/Versions/A/Resources/libTIFF.dylib
0x000000000114b000 	/System/Library/Frameworks/ImageIO.framework/Versions/A/Resources/libPng.dylib
0x000000000114b000 	/System/Library/Frameworks/ImageIO.framework/Versions/A/Resources/libGIF.dylib
0x000000000114b000 	/System/Library/Frameworks/ImageIO.framework/Versions/A/Resources/libJP2.dylib
0x000000000114b000 	/System/Library/Frameworks/ImageIO.framework/Versions/A/Resources/libRadiance.dylib
0x000000000114b000 	/System/Library/Frameworks/CoreVideo.framework/Versions/A/CoreVideo
0x000000000114b000 	/System/Library/Frameworks/OpenGL.framework/Versions/A/Libraries/libGLU.dylib
0x000000000114b000 	/System/Library/Frameworks/OpenGL.framework/Versions/A/Libraries/libGFXShared.dylib
0x000000000114b000 	/System/Library/Frameworks/OpenGL.framework/Versions/A/Libraries/libGL.dylib
0x000000000114b000 	/System/Library/Frameworks/OpenGL.framework/Versions/A/Libraries/libGLImage.dylib
0x000000000114b000 	/System/Library/Frameworks/OpenGL.framework/Versions/A/Libraries/libCVMSPluginSupport.dylib
0x000000000114b000 	/System/Library/Frameworks/OpenGL.framework/Versions/A/Libraries/libCoreVMClient.dylib
0x000000000114b000 	/usr/lib/libcompression.dylib
0x000000000114b000 	/usr/lib/libcups.2.dylib
0x000000000114b000 	/System/Library/Frameworks/Kerberos.framework/Versions/A/Kerberos
0x000000000114b000 	/System/Library/Frameworks/GSS.framework/Versions/A/GSS
0x000000000114b000 	/usr/lib/libresolv.9.dylib
0x000000000114b000 	/usr/lib/libiconv.2.dylib
0x000000000114b000 	/System/Library/PrivateFrameworks/Heimdal.framework/Versions/A/Heimdal
0x000000000114b000 	/usr/lib/libheimdal-asn1.dylib
0x000000000114b000 	/System/Library/Frameworks/OpenDirectory.framework/Versions/A/OpenDirectory
0x000000000114b000 	/System/Library/PrivateFrameworks/CommonAuth.framework/Versions/A/CommonAuth
0x000000000114b000 	/System/Library/Frameworks/OpenDirectory.framework/Versions/A/Frameworks/CFOpenDirectory.framework/Versions/A/CFOpenDirectory
0x000000000114b000 	/System/Library/Frameworks/SecurityFoundation.framework/Versions/A/SecurityFoundation
0x000000000114b000 	/System/Library/PrivateFrameworks/LanguageModeling.framework/Versions/A/LanguageModeling
0x000000000114b000 	/usr/lib/libmarisa.dylib
0x000000000114b000 	/usr/lib/libChineseTokenizer.dylib
0x000000000114b000 	/usr/lib/libcmph.dylib
0x000000000114b000 	/System/Library/Frameworks/ServiceManagement.framework/Versions/A/ServiceManagement
0x000000000114b000 	/usr/lib/libxslt.1.dylib
0x000000000114b000 	/System/Library/Frameworks/Carbon.framework/Versions/A/Frameworks/Ink.framework/Versions/A/Ink
0x000000000114b000 	/usr/lib/libFosl_dynamic.dylib
0x000000000114b000 	/System/Library/PrivateFrameworks/FaceCore.framework/Versions/A/FaceCore
0x000000000114b000 	/System/Library/Frameworks/OpenCL.framework/Versions/A/OpenCL
0x000000000114b000 	/System/Library/PrivateFrameworks/CrashReporterSupport.framework/Versions/A/CrashReporterSupport
0x000000000114b000 	/System/Library/PrivateFrameworks/IconServices.framework/Versions/A/IconServices
0x000000000114b000 	/System/Library/PrivateFrameworks/Apple80211.framework/Versions/A/Apple80211
0x000000000114b000 	/System/Library/Frameworks/CoreWLAN.framework/Versions/A/CoreWLAN
0x000000000114b000 	/System/Library/Frameworks/IOBluetooth.framework/Versions/A/IOBluetooth
0x000000000114b000 	/System/Library/PrivateFrameworks/CoreWiFi.framework/Versions/A/CoreWiFi
0x000000000114b000 	/System/Library/Frameworks/CoreBluetooth.framework/Versions/A/CoreBluetooth
0x000000000114b000 	/System/Library/PrivateFrameworks/ChunkingLibrary.framework/Versions/A/ChunkingLibrary
0x000000000114b000 	/System/Library/PrivateFrameworks/DebugSymbols.framework/Versions/A/DebugSymbols
0x000000000114b000 	/System/Library/PrivateFrameworks/CoreSymbolication.framework/Versions/A/CoreSymbolication
0x000000000114b000 	/System/Library/PrivateFrameworks/Symbolication.framework/Versions/A/Symbolication
0x000000000114b000 	/System/Library/PrivateFrameworks/SpeechRecognitionCore.framework/Versions/A/SpeechRecognitionCore
0x0000000106000000 	/Library/Java/JavaVirtualMachines/jdk1.8.0_65.jdk/Contents/Home/jre/lib/server/libjvm.dylib
0x000000000114b000 	/usr/lib/libstdc++.6.dylib
0x0000000104f3a000 	/Library/Java/JavaVirtualMachines/jdk1.8.0_65.jdk/Contents/Home/jre/lib/libverify.dylib
0x0000000104f48000 	/Library/Java/JavaVirtualMachines/jdk1.8.0_65.jdk/Contents/Home/jre/lib/libjava.dylib
0x0000000104f87000 	/Library/Java/JavaVirtualMachines/jdk1.8.0_65.jdk/Contents/Home/jre/lib/libzip.dylib
0x0000000104fe1000 	/System/Library/Frameworks/JavaVM.framework/Frameworks/JavaRuntimeSupport.framework/JavaRuntimeSupport
0x0000000121fee000 	/System/Library/Frameworks/JavaVM.framework/Versions/A/Frameworks/JavaNativeFoundation.framework/Versions/A/JavaNativeFoundation
0x0000000122003000 	/System/Library/Frameworks/JavaVM.framework/Versions/A/JavaVM
0x000000000114b000 	/System/Library/Frameworks/Carbon.framework/Versions/A/Carbon
0x0000000122010000 	/System/Library/PrivateFrameworks/JavaLaunching.framework/Versions/A/JavaLaunching
0x000000000114b000 	/System/Library/Frameworks/Carbon.framework/Versions/A/Frameworks/CommonPanels.framework/Versions/A/CommonPanels
0x000000000114b000 	/System/Library/Frameworks/Carbon.framework/Versions/A/Frameworks/Help.framework/Versions/A/Help
0x000000000114b000 	/System/Library/Frameworks/Carbon.framework/Versions/A/Frameworks/ImageCapture.framework/Versions/A/ImageCapture
0x000000000114b000 	/System/Library/Frameworks/Carbon.framework/Versions/A/Frameworks/OpenScripting.framework/Versions/A/OpenScripting
0x000000000114b000 	/System/Library/Frameworks/Carbon.framework/Versions/A/Frameworks/Print.framework/Versions/A/Print
0x000000000114b000 	/System/Library/Frameworks/Carbon.framework/Versions/A/Frameworks/SecurityHI.framework/Versions/A/SecurityHI
0x0000000123ae5000 	/Library/Java/JavaVirtualMachines/jdk1.8.0_65.jdk/Contents/Home/jre/lib/libnet.dylib
0x0000000123b27000 	/Library/Java/JavaVirtualMachines/jdk1.8.0_65.jdk/Contents/Home/jre/lib/libnio.dylib

VM Arguments:
jvm_args: -Dmaven.home=EMBEDDED -Dclassworlds.conf=/Users/djunker/Java/workspace/.metadata/.plugins/org.eclipse.m2e.launching/launches/m2conf6998957949769899657.tmp -Dmaven.multiModuleProjectDirectory=/Users/djunker/Java/workspace/ec -Dfile.encoding=UTF-8 
java_command: org.codehaus.plexus.classworlds.launcher.Launcher -B install
java_class_path (initial): /Applications/eclipse/plugins/org.eclipse.m2e.maven.runtime_1.6.2.20150902-0001/jars/plexus-classworlds-2.5.2.jar
Launcher Type: SUN_STANDARD

Environment Variables:
PATH=/usr/bin:/bin:/usr/sbin:/sbin
SHELL=/bin/bash
DISPLAY=/private/tmp/com.apple.launchd.77AVcVxTb9/org.macosforge.xquartz:0

Signal Handlers:
SIGSEGV: [libjvm.dylib+0x5a6d31], sa_mask[0]=11111111011111110111111111111111, sa_flags=SA_ONSTACK|SA_RESTART|SA_SIGINFO
SIGBUS: [libjvm.dylib+0x5a6d31], sa_mask[0]=11111111011111110111111111111111, sa_flags=SA_RESTART|SA_SIGINFO
SIGFPE: [libjvm.dylib+0x480a40], sa_mask[0]=11111111011111110111111111111111, sa_flags=SA_RESTART|SA_SIGINFO
SIGPIPE: [libjvm.dylib+0x480a40], sa_mask[0]=11111111011111110111111111111111, sa_flags=SA_RESTART|SA_SIGINFO
SIGXFSZ: [libjvm.dylib+0x480a40], sa_mask[0]=11111111011111110111111111111111, sa_flags=SA_RESTART|SA_SIGINFO
SIGILL: [libjvm.dylib+0x480a40], sa_mask[0]=11111111011111110111111111111111, sa_flags=SA_RESTART|SA_SIGINFO
SIGUSR1: SIG_DFL, sa_mask[0]=00000000000000000000000000000000, sa_flags=none
SIGUSR2: [libjvm.dylib+0x48055e], sa_mask[0]=00100000000000000000000000000000, sa_flags=SA_RESTART|SA_SIGINFO
SIGHUP: [libjvm.dylib+0x47eb35], sa_mask[0]=11111111011111110111111111111111, sa_flags=SA_RESTART|SA_SIGINFO
SIGINT: [libjvm.dylib+0x47eb35], sa_mask[0]=11111111011111110111111111111111, sa_flags=SA_RESTART|SA_SIGINFO
SIGTERM: [libjvm.dylib+0x47eb35], sa_mask[0]=11111111011111110111111111111111, sa_flags=SA_RESTART|SA_SIGINFO
SIGQUIT: [libjvm.dylib+0x47eb35], sa_mask[0]=11111111011111110111111111111111, sa_flags=SA_RESTART|SA_SIGINFO


---------------  S Y S T E M  ---------------

OS:Bsduname:Darwin 15.5.0 Darwin Kernel Version 15.5.0: Tue Apr 19 18:36:36 PDT 2016; root:xnu-3248.50.21~8/RELEASE_X86_64 x86_64
rlimit: STACK 8192k, CORE 0k, NPROC 709, NOFILE 10240, AS infinity
load average:2.34 1.78 1.81

CPU:total 8 (4 cores per cpu, 2 threads per core) family 6 model 58 stepping 9, cmov, cx8, fxsr, mmx, sse, sse2, sse3, ssse3, sse4.1, sse4.2, popcnt, avx, aes, clmul, erms, ht, tsc, tscinvbit, tscinv

Memory: 4k page, physical 16777216k(1652020k free)

/proc/meminfo:


vm_info: Java HotSpot(TM) 64-Bit Server VM (25.65-b01) for bsd-amd64 JRE (1.8.0_65-b17), built on Oct  6 2015 15:36:46 by "java_re" with gcc 4.2.1 (Based on Apple Inc. build 5658) (LLVM build 2336.11.00)

time: Mon May 23 10:05:47 2016
elapsed time: 27 seconds (0d 0h 0m 27s)

